{
  "RSpec": {
    "coverage": {
      "/home/bright-genre-cdc2/tic-tac-toe-rb-online-web-sp-000/lib/tic_tac_toe.rb": [
        null,
        null,
        1,
        24,
        24,
        24,
        24,
        24,
        null,
        null,
        null,
        null,
        1,
        45,
        null,
        null,
        null,
        null,
        null,
        1,
        null,
        null,
        null,
        null,
        null,
        null,
        null,
        null,
        null,
        1,
        22,
        null,
        null,
        1,
        21,
        21,
        null,
        null,
        null,
        1,
        43,
        40,
        null,
        3,
        null,
        null,
        null,
        null,
        null,
        1,
        41,
        null,
        null,
        39,
        281,
        12,
        null,
        null,
        27,
        null,
        null,
        null,
        null,
        1,
        37,
        5,
        null,
        32,
        null,
        null,
        null,
        null,
        1,
        54,
        233,
        45,
        null,
        null,
        9,
        null,
        null,
        1,
        20,
        4,
        16,
        1,
        15,
        5,
        null,
        10,
        null,
        null,
        null,
        1,
        4,
        4,
        3,
        null,
        null,
        null,
        null,
        null,
        1,
        281,
        12,
        null,
        null,
        null,
        1,
        41,
        41,
        369,
        187,
        null,
        null,
        41,
        2,
        null,
        39,
        null,
        null,
        null,
        1,
        20,
        20,
        180,
        30,
        null,
        null,
        20,
        null,
        null,
        1,
        180,
        30,
        null,
        150,
        null,
        null,
        null,
        1,
        19,
        14,
        null,
        5,
        null,
        null,
        null,
        1,
        19,
        19,
        19,
        null,
        19,
        18,
        null,
        1,
        null,
        19,
        null,
        null,
        1,
        null,
        12,
        16,
        null,
        16,
        1,
        15,
        0,
        null,
        null,
        null
      ]
    },
    "timestamp": 1614826668
  }
}
