{
  "RSpec": {
    "coverage": {
      "/home/bright-genre-cdc2/tic-tac-toe-rb-online-web-sp-000/lib/tic_tac_toe.rb": [
        null,
        null,
        1,
        26,
        26,
        26,
        26,
        26,
        null,
        null,
        null,
        null,
        1,
        49,
        null,
        null,
        null,
        null,
        null,
        1,
        null,
        null,
        null,
        null,
        null,
        null,
        null,
        null,
        null,
        1,
        24,
        null,
        null,
        1,
        23,
        23,
        null,
        null,
        null,
        1,
        47,
        44,
        null,
        3,
        null,
        null,
        null,
        null,
        null,
        1,
        41,
        null,
        null,
        39,
        243,
        18,
        null,
        null,
        21,
        null,
        null,
        null,
        null,
        1,
        24,
        5,
        null,
        19,
        null,
        null,
        null,
        null,
        1,
        43,
        194,
        34,
        null,
        null,
        9,
        null,
        null,
        1,
        22,
        4,
        18,
        1,
        17,
        5,
        null,
        12,
        null,
        null,
        null,
        1,
        7,
        7,
        6,
        null,
        null,
        null,
        null,
        null,
        1,
        243,
        18,
        null,
        null,
        null,
        1,
        41,
        41,
        369,
        174,
        null,
        null,
        41,
        2,
        null,
        39,
        null,
        null,
        null,
        1,
        22,
        22,
        198,
        32,
        null,
        null,
        22,
        null,
        null,
        1,
        198,
        32,
        null,
        166,
        null,
        null,
        null,
        1,
        21,
        14,
        null,
        7,
        null,
        null,
        null,
        1,
        21,
        21,
        21,
        null,
        21,
        20,
        null,
        1,
        null,
        21,
        null,
        null,
        1,
        12,
        18,
        null,
        12,
        5,
        7,
        0,
        null,
        null
      ]
    },
    "timestamp": 1614826588
  }
}
